<?xml version="1.0" encoding="UTF-8"?>
<!-- Generated by org.testng.reporters.JUnitReportReporter -->
<testsuite hostname="ANUSSHET-7420" failures="0" tests="4" name="testCases.TC_Profile" time="53.570" errors="0" timestamp="16 Jun 2022 14:38:47 GMT" skipped="0">
  <testcase classname="testCases.TC_Profile" name="navigatetoprofilepage" time="48.248"/>
  <testcase classname="testCases.TC_Profile" name="gendervalidation" time="0.031"/>
  <testcase classname="testCases.TC_Profile" name="emailvalidation" time="2.340"/>
  <testcase classname="testCases.TC_Profile" name="superCoinZoneValidation" time="2.951"/>
</testsuite> <!-- testCases.TC_Profile -->
