<?xml version="1.0" encoding="UTF-8"?>
<!-- Generated by org.testng.reporters.JUnitReportReporter -->
<testsuite skipped="0" hostname="DESKTOP-AH6Q1HH" name="testCases.TC_OverviewMap" tests="1" failures="0" timestamp="18 Dec 2019 13:33:52 GMT" time="23.987" errors="0">
  <testcase name="border" time="23.987" classname="testCases.TC_OverviewMap"/>
</testsuite> <!-- testCases.TC_OverviewMap -->
