<?xml version="1.0" encoding="UTF-8"?>
<!-- Generated by org.testng.reporters.JUnitReportReporter -->
<testsuite skipped="0" hostname="DESKTOP-AH6Q1HH" name="testCases.TC_OverviewDashboard" tests="1" failures="0" timestamp="18 Dec 2019 13:33:52 GMT" time="24.835" errors="0">
  <testcase name="border" time="24.835" classname="testCases.TC_OverviewDashboard"/>
</testsuite> <!-- testCases.TC_OverviewDashboard -->
