<?xml version="1.0" encoding="UTF-8"?>
<!-- Generated by org.testng.reporters.JUnitReportReporter -->
<testsuite hostname="ANUSSHET-7420" failures="0" tests="1" name="testCases.TC_SelectProduct" time="55.206" errors="0" timestamp="16 Jun 2022 14:06:23 GMT" skipped="0">
  <testcase classname="testCases.TC_SelectProduct" name="navigatetoprofilepage" time="55.206"/>
</testsuite> <!-- testCases.TC_SelectProduct -->
