<?xml version="1.0" encoding="UTF-8"?>
<!-- Generated by org.testng.reporters.JUnitReportReporter -->
<testsuite hostname="ANUSSHET-7420" failures="0" tests="3" name="testCases.TC_Profile" time="7.385" errors="0" timestamp="30 May 2022 14:51:29 GMT" skipped="0">
  <testcase classname="testCases.TC_Profile" name="navigatetoprofilepage" time="5.209"/>
  <testcase classname="testCases.TC_Profile" name="gendervalidation" time="0.029"/>
  <testcase classname="testCases.TC_Profile" name="emailvalidation" time="2.147"/>
</testsuite> <!-- testCases.TC_Profile -->
