<?xml version="1.0" encoding="UTF-8"?>
<!-- Generated by org.testng.reporters.JUnitReportReporter -->
<testsuite skipped="0" hostname="DESKTOP-AH6Q1HH" name="testCases.Overview" tests="1" failures="0" timestamp="03 Dec 2019 06:03:24 GMT" time="33.882" errors="0">
  <testcase name="border" time="33.882" classname="testCases.Overview"/>
</testsuite> <!-- testCases.Overview -->
