<?xml version="1.0" encoding="UTF-8"?>
<!-- Generated by org.testng.reporters.JUnitReportReporter -->
<testsuite skipped="0" hostname="ANUSSHET-7420" name="testCases.TC_Profile" tests="2" failures="0" timestamp="22 Mar 2022 16:54:34 GMT" time="4.952" errors="0">
  <testcase name="navigatetoprofilepage" time="4.924" classname="testCases.TC_Profile"/>
  <testcase name="gendervalidation" time="0.028" classname="testCases.TC_Profile"/>
</testsuite> <!-- testCases.TC_Profile -->
